20220607	23:52:28	1205dede-99a1-46f4-9a0e-0125714c6c9b	Nodemon Server Log initiated: "EVENT EMITTED"
20220608	00:03:17	d49e15ba-3e0a-4271-85fd-4e60b6197862	Nodemon Server Log initiated: "EVENT EMITTED"
20220608	00:18:06	a7d48de5-9145-4353-84c7-227f3ea8439d	Nodemon Server Log initiated: "EVENT EMITTED"
20220608	00:26:02	2bebe032-e5f9-436c-b2b5-9eea7c3e02a4	Nodemon Server Log initiated: "EVENT EMITTED"
20220608	00:28:36	ab39f9d8-89c1-4245-a25e-19593a656023	Nodemon Server Log initiated: "EVENT EMITTED"
20220608	00:47:33	c9e29b27-1d3e-412e-a138-e5b368e8060b	Nodemon Server Log initiated: "EVENT EMITTED"
20220608	12:04:16	63a95aa0-977d-4215-9d64-87235b63c473	Nodemon Server Log initiated: "EVENT EMITTED"
20220608	13:11:08	14f3ec67-93e4-4848-abb8-d4887af75e97	Nodemon Server Log initiated: "EVENT EMITTED"
20220608	14:16:26	2c4ffd8e-e6fd-4ce1-b921-99b155848f23	Nodemon Server Log initiated: "EVENT EMITTED"
20220608	19:51:24	2d2f15fd-91dd-49fc-baea-1ff7c5b48cf2	Nodemon Server Log initiated: "EVENT EMITTED"
20220609	00:23:40	6d88b5e9-1a1b-4440-9999-c9743d62bdb5	Nodemon Server Log initiated: "EVENT EMITTED"
20220609	00:24:37	9c8a7883-42a2-44dd-a647-9dff465f0918	Nodemon Server Log initiated: "EVENT EMITTED"
20220609	00:26:52	d49a0aca-a49b-4efb-bb7b-267baca3aaa3	Nodemon Server Log initiated: "EVENT EMITTED"
20220609	00:30:03	c5766786-dc0c-4c0c-bfd1-90dc842f431a	Nodemon Server Log initiated: "EVENT EMITTED"
20220609	00:32:31	20b2eeb2-1d3c-4cbb-ab05-8bc7d2b71672	Nodemon Server Log initiated: "EVENT EMITTED"
20220609	00:32:35	96816601-aded-4fd9-8928-545317369f80	Nodemon Server Log initiated: "EVENT EMITTED"
20220609	00:37:29	ae0ec9be-c214-4e41-bba1-cf7b46b2d9d8	Nodemon Server Log initiated: "EVENT EMITTED"
20220609	00:39:53	1209fad3-37e7-413f-8ac5-c92da997546e	Nodemon Server Log initiated: "EVENT EMITTED"
20220609	00:40:07	85fde59b-d6df-4863-9f7a-b4fa7f4c2f5a	Nodemon Server Log initiated: "EVENT EMITTED"
20220609	00:43:33	c83203e6-e459-493a-b446-b67cfd2a6b57	Nodemon Server Log initiated: "EVENT EMITTED"
20220609	00:51:17	264760e3-4afe-4b1a-b627-438f75776fea	Nodemon Server Log initiated: "EVENT EMITTED"
20220609	00:52:08	4c84a4a7-3880-411a-a797-1e09487978f8	Nodemon Server Log initiated: "EVENT EMITTED"
20220609	00:57:57	d5a1ab4f-0987-4422-b7cb-25dfbc52f33c	Nodemon Server Log initiated: "EVENT EMITTED"
20220609	01:54:38	c0751716-4f3d-4bbf-ae1e-a33779b19120	Nodemon Server Log initiated: "EVENT EMITTED"
20220609	01:56:47	f487df72-0db1-4f54-928d-b866ea15a4c4	Nodemon Server Log initiated: "EVENT EMITTED"
20220609	01:57:09	ae4b0375-f517-486b-a58e-edddea1fdf08	Nodemon Server Log initiated: "EVENT EMITTED"
20220609	02:03:59	1a032758-1e0d-43ee-a9d1-a64b47b71619	Nodemon Server Log initiated: "EVENT EMITTED"
20220609	02:04:11	394fc50b-06e8-44a8-aba9-24580c52f407	Nodemon Server Log initiated: "EVENT EMITTED"
20220609	02:07:31	a3288f78-8c65-4eeb-acbd-72263d8fba12	Nodemon Server Log initiated: "EVENT EMITTED"
20220609	02:12:11	f5cc5974-959b-4720-aced-76d33788eab4	Nodemon Server Log initiated: "EVENT EMITTED"
20220609	02:20:11	547dbe1c-8c48-44a3-8314-d03274c5173a	Nodemon Server Log initiated: "EVENT EMITTED"
20220609	02:31:04	2e72ac8e-d32f-454d-a4ab-d61fe289e94f	Nodemon Server Log initiated: "EVENT EMITTED"
20220609	02:32:02	2b8e30a6-54fc-41d8-b088-ef6ff5e69994	Nodemon Server Log initiated: "EVENT EMITTED"
20220609	02:33:24	b3bc6a53-cfae-4088-864c-a9eb9cc1410c	Nodemon Server Log initiated: "EVENT EMITTED"
20220609	02:34:14	10b2eca1-f96e-4187-a0b7-e4b211da6317	Nodemon Server Log initiated: "EVENT EMITTED"
20220609	02:35:14	e601a723-41f0-4ca1-a976-6b60a5b2e118	Nodemon Server Log initiated: "EVENT EMITTED"
20220609	02:35:16	a9b283a4-70e6-4c5b-b8ec-993b4f95c134	Nodemon Server Log initiated: "EVENT EMITTED"
20220609	02:37:05	b5eb4cd5-fe0f-470a-b63a-e9cf8ad32b13	Nodemon Server Log initiated: "EVENT EMITTED"
20220609	02:37:27	ecfc3962-85ea-4939-b587-bd0c70302a3b	Nodemon Server Log initiated: "EVENT EMITTED"
20220609	02:39:56	54cb73c9-8319-4766-b797-9624f3e089c0	Nodemon Server Log initiated: "EVENT EMITTED"
20220609	02:40:14	6e8a801d-6368-44aa-81ac-701920fddbd6	Nodemon Server Log initiated: "EVENT EMITTED"
20220609	02:42:06	8f5b38f3-c16b-4a46-9d68-eb5a280c4538	Nodemon Server Log initiated: "EVENT EMITTED"
20220609	02:42:22	7cf55ced-9b85-4af1-a052-c5837df37d11	Nodemon Server Log initiated: "EVENT EMITTED"
20220609	02:42:34	6ddb732e-0f87-4df4-bcb3-25e7f592ba10	Nodemon Server Log initiated: "EVENT EMITTED"
20220609	02:45:48	d71fb8cb-36a9-4380-ad6c-af370c0bb71f	Nodemon Server Log initiated: "EVENT EMITTED"
20220609	02:48:03	a42c568c-ef09-4dc9-a1ca-729d8cd0ea60	Nodemon Server Log initiated: "EVENT EMITTED"
20220609	02:49:16	fdc05b7e-a2c3-4d4a-948a-90ea51c94dc8	Nodemon Server Log initiated: "EVENT EMITTED"
20220609	02:49:38	b482e7de-3bc4-449d-b734-9e2a2c018013	Nodemon Server Log initiated: "EVENT EMITTED"
20220609	02:55:08	e8496370-c5e9-41e4-b8c5-b100b25261ca	Nodemon Server Log initiated: "EVENT EMITTED"
20220609	02:56:35	5169c8ff-8bf1-49ed-8c77-cf99e3ccba28	Nodemon Server Log initiated: "EVENT EMITTED"
20220609	02:58:51	d5ed1169-9058-49da-b291-e9c8fd38b7cb	Nodemon Server Log initiated: "EVENT EMITTED"
20220609	02:59:14	d95e3d8f-b0a6-427e-9340-5aa99de42556	Nodemon Server Log initiated: "EVENT EMITTED"
20220609	03:00:38	ebae8164-ad27-4d88-8779-5a93ce9ca02d	Nodemon Server Log initiated: "EVENT EMITTED"
20220609	03:01:10	76a04e10-c10a-407a-bb31-debbdab808ad	Nodemon Server Log initiated: "EVENT EMITTED"
20220609	03:01:27	4c07a3f0-c1ea-4979-a1fa-df337bc4fac2	Nodemon Server Log initiated: "EVENT EMITTED"
20220609	03:01:46	99095232-9704-4198-8fef-8e86b250c1f3	Nodemon Server Log initiated: "EVENT EMITTED"
20220609	03:02:07	871a34e4-3d4b-4d6e-8d4d-4e4e1d2e6a21	Nodemon Server Log initiated: "EVENT EMITTED"
20220609	03:02:33	4357e9b1-8fe6-429b-a78a-b76383f3671f	Nodemon Server Log initiated: "EVENT EMITTED"
20220609	03:07:59	3b3a1a64-9df9-4652-8321-6de39c4b931c	Nodemon Server Log initiated: "EVENT EMITTED"
20220609	03:10:30	dd5fc74f-41f6-421f-a37a-c4533a657dfb	Nodemon Server Log initiated: "EVENT EMITTED"
20220609	03:10:46	eab841c6-8a96-4eda-9ec0-a6e6f18b5be6	Nodemon Server Log initiated: "EVENT EMITTED"
20220609	03:16:34	61f8e239-fa36-423f-907d-2d7fa1606fae	Nodemon Server Log initiated: "EVENT EMITTED"
20220609	03:16:36	1de6604e-6ae6-4d80-a465-a65c9b8fe73a	Nodemon Server Log initiated: "EVENT EMITTED"
20220609	03:25:12	da55bf05-3dc9-4e69-9731-2a6c0bbe4b34	Nodemon Server Log initiated: "EVENT EMITTED"
20220609	03:47:38	332a2c90-c447-45bb-8853-5f3ca2dbdfcc	Nodemon Server Log initiated: "EVENT EMITTED"
20220609	03:48:34	7e243fd1-1686-41b5-8c79-17c5e82f0009	Nodemon Server Log initiated: "EVENT EMITTED"
20220609	03:56:00	f5aa9bfe-5c5f-4f30-a0cd-4d878081598d	Nodemon Server Log initiated: "EVENT EMITTED"
20220609	03:56:26	ce4dd88f-87bf-4cfd-a3dd-5a2b5f02ca8c	Nodemon Server Log initiated: "EVENT EMITTED"
20220609	03:56:33	52a13b9d-1969-401b-b5da-4cd53d75ed3d	Nodemon Server Log initiated: "EVENT EMITTED"
